0 verbose cli /usr/bin/node /usr/bin/npm
1 info using npm@9.4.0
2 info using node@v18.13.0
3 timing npm:load:whichnode Completed in 0ms
4 timing config:load:defaults Completed in 1ms
5 timing config:load:file:/usr/lib/node_modules/npm/npmrc Completed in 0ms
6 timing config:load:builtin Completed in 0ms
7 timing config:load:cli Completed in 1ms
8 timing config:load:env Completed in 1ms
9 timing config:load:file:/home/mehran/AVA PRO AUDIO/ava-pro-audio/.npmrc Completed in 0ms
10 timing config:load:project Completed in 3ms
11 timing config:load:file:/home/mehran/.npmrc Completed in 1ms
12 timing config:load:user Completed in 1ms
13 timing config:load:file:/usr/etc/npmrc Completed in 0ms
14 timing config:load:global Completed in 0ms
15 timing config:load:setEnvs Completed in 1ms
16 timing config:load Completed in 10ms
17 timing npm:load:configload Completed in 10ms
18 timing npm:load:mkdirpcache Completed in 0ms
19 timing npm:load:mkdirplogs Completed in 0ms
20 verbose title npm run lint
21 verbose argv "run" "lint" "--cache" "--fix"
22 timing npm:load:setTitle Completed in 1ms
23 timing config:load:flatten Completed in 2ms
24 timing npm:load:display Completed in 3ms
25 verbose logfile logs-max:10 dir:/home/mehran/AVA PRO AUDIO/ava-pro-audio/--fix/_logs/2023-02-03T00_58_44_193Z-
26 verbose logfile /home/mehran/AVA PRO AUDIO/ava-pro-audio/--fix/_logs/2023-02-03T00_58_44_193Z-debug-0.log
27 timing npm:load:logFile Completed in 5ms
28 timing npm:load:timers Completed in 0ms
29 timing npm:load:configScope Completed in 0ms
30 timing npm:load Completed in 20ms
31 silly logfile done cleaning log files
32 http fetch GET 200 https://registry.npmjs.org/npm 2914ms (cache miss)
33 timing command:run Completed in 6336ms
34 notice
34 notice New [32mpatch[39m version of npm available! [31m9.4.0[39m -> [32m9.4.1[39m
34 notice Changelog: [36mhttps://github.com/npm/cli/releases/tag/v9.4.1[39m
34 notice Run [32mnpm install -g npm@9.4.1[39m to update!
34 notice
35 verbose exit 0
36 timing npm Completed in 6368ms
37 info ok
